<?xml version="1.0" encoding="UTF-8"?>
<!-- Generated by org.testng.reporters.JUnitReportReporter -->
<testsuite skipped="0" hostname="new-PC" name="sample.sikuli" tests="1" failures="0" timestamp="18 Jun 2018 04:54:24 GMT" time="19.460" errors="0">
  <testcase name="sikuli1" time="19.460" classname="sample.sikuli"/>
</testsuite> <!-- sample.sikuli -->
