<?xml version="1.0" encoding="UTF-8"?>
<!-- Generated by org.testng.reporters.JUnitReportReporter -->
<testsuite skipped="1" hostname="new-PC" name="sample.pomwithPFextension" tests="1" failures="0" timestamp="26 Jun 2018 12:09:03 GMT" time="0.000" errors="0">
  <testcase name="pompf" time="0.000" classname="sample.pomwithPFextension">
    <skipped/>
  </testcase> <!-- pompf -->
</testsuite> <!-- sample.pomwithPFextension -->
