<?xml version="1.0" encoding="UTF-8"?>
<!-- Generated by org.testng.reporters.JUnitReportReporter -->
<testsuite skipped="1" hostname="ARIATECH-14" name="sample.creattablePB" tests="1" failures="0" timestamp="13 Jul 2018 12:04:38 GMT" time="0.000" errors="0">
  <testcase name="PBlogin" time="0.000" classname="sample.creattablePB">
    <skipped/>
  </testcase> <!-- PBlogin -->
</testsuite> <!-- sample.creattablePB -->
