<?xml version="1.0" encoding="UTF-8"?>
<!-- Generated by org.testng.reporters.JUnitReportReporter -->
<testsuite skipped="0" hostname="new-PC" name="sample.pageobjectmodelextension" tests="1" failures="0" timestamp="18 Jun 2018 09:24:43 GMT" time="12.209" errors="0">
  <testcase name="pavan" time="12.209" classname="sample.pageobjectmodelextension"/>
</testsuite> <!-- sample.pageobjectmodelextension -->
