<?xml version="1.0" encoding="UTF-8"?>
<!-- Generated by org.testng.reporters.JUnitReportReporter -->
<testsuite skipped="0" hostname="new-PC" name="sample.hello" tests="1" failures="0" timestamp="31 May 2018 05:59:37 GMT" time="12.445" errors="0">
  <testcase name="pavan" time="12.445" classname="sample.hello"/>
</testsuite> <!-- sample.hello -->
