<?xml version="1.0" encoding="UTF-8"?>
<!-- Generated by org.testng.reporters.JUnitReportReporter -->
<testsuite skipped="0" hostname="new-PC" name="sample.autoIT" tests="1" failures="0" timestamp="18 Jun 2018 07:43:15 GMT" time="26.154" errors="0">
  <testcase name="autoit" time="26.154" classname="sample.autoIT"/>
</testsuite> <!-- sample.autoIT -->
