<?xml version="1.0" encoding="UTF-8"?>
<!-- Generated by org.testng.reporters.JUnitReportReporter -->
<testsuite skipped="0" hostname="new-PC" name="sample.flipkart" tests="1" failures="0" timestamp="02 Jul 2018 09:44:00 GMT" time="10.820" errors="0">
  <testcase name="signup" time="10.820" classname="sample.flipkart"/>
</testsuite> <!-- sample.flipkart -->
