<?xml version="1.0" encoding="UTF-8"?>
<!-- Generated by org.testng.reporters.JUnitReportReporter -->
<testsuite skipped="0" hostname="new-PC" name="task.task1" tests="1" failures="0" timestamp="11 Jul 2018 11:25:40 GMT" time="62.134" errors="0">
  <testcase name="test" time="62.134" classname="task.task1"/>
</testsuite> <!-- task.task1 -->
