<?xml version="1.0" encoding="UTF-8"?>
<!-- Generated by org.testng.reporters.JUnitReportReporter -->
<testsuite skipped="0" hostname="new-PC" name="sample.signupandsingin" tests="1" failures="0" timestamp="02 Jul 2018 08:14:17 GMT" time="44.007" errors="0">
  <testcase name="signup" time="44.007" classname="sample.signupandsingin"/>
</testsuite> <!-- sample.signupandsingin -->
